[33mWARNING[0m:  [02-09-2024 16:31:14] chroma_server_nofile is set to 65535, but this is less than current soft limit of 1048575. chroma_server_nofile will not be set.
[32mINFO[0m:     [02-09-2024 16:31:15] Anonymized telemetry enabled. See                     https://docs.trychroma.com/telemetry for more information.
[36mDEBUG[0m:    [02-09-2024 16:31:15] Starting component System
[36mDEBUG[0m:    [02-09-2024 16:31:15] Starting component OpenTelemetryClient
[36mDEBUG[0m:    [02-09-2024 16:31:15] Starting component SqliteDB
[36mDEBUG[0m:    [02-09-2024 16:31:15] Starting component QuotaEnforcer
[36mDEBUG[0m:    [02-09-2024 16:31:15] Starting component Posthog
[36mDEBUG[0m:    [02-09-2024 16:31:15] Starting component LocalSegmentManager
[36mDEBUG[0m:    [02-09-2024 16:31:15] Starting component SegmentAPI
[32mINFO[0m:     [02-09-2024 16:31:15] Started server process [[36m69168[0m]
[32mINFO[0m:     [02-09-2024 16:31:15] Waiting for application startup.
[32mINFO[0m:     [02-09-2024 16:31:15] Application startup complete.
[32mINFO[0m:     [02-09-2024 16:31:15] Uvicorn running on [1mhttp://localhost:8000[0m (Press CTRL+C to quit)
[32mINFO[0m:     [02-09-2024 16:31:15] 127.0.0.1:59290 - "GET / HTTP/1.1" 404
[32mINFO[0m:     [02-09-2024 16:31:16] 127.0.0.1:59290 - "GET /favicon.ico HTTP/1.1" 404
[32mINFO[0m:     [02-09-2024 16:31:23] Shutting down
[32mINFO[0m:     [02-09-2024 16:31:23] Waiting for application shutdown.
[36mDEBUG[0m:    [02-09-2024 16:31:23] Stopping component System
[36mDEBUG[0m:    [02-09-2024 16:31:23] Stopping component SegmentAPI
[36mDEBUG[0m:    [02-09-2024 16:31:23] Stopping component LocalSegmentManager
[36mDEBUG[0m:    [02-09-2024 16:31:23] Stopping component Posthog
[36mDEBUG[0m:    [02-09-2024 16:31:23] Stopping component QuotaEnforcer
[36mDEBUG[0m:    [02-09-2024 16:31:23] Stopping component SqliteDB
[36mDEBUG[0m:    [02-09-2024 16:31:23] Stopping component OpenTelemetryClient
[32mINFO[0m:     [02-09-2024 16:31:23] Application shutdown complete.
[32mINFO[0m:     [02-09-2024 16:31:23] Finished server process [[36m69168[0m]
[33mWARNING[0m:  [02-09-2024 16:31:25] chroma_server_nofile is set to 65535, but this is less than current soft limit of 1048575. chroma_server_nofile will not be set.
[32mINFO[0m:     [02-09-2024 16:31:25] Anonymized telemetry enabled. See                     https://docs.trychroma.com/telemetry for more information.
[36mDEBUG[0m:    [02-09-2024 16:31:25] Starting component System
[36mDEBUG[0m:    [02-09-2024 16:31:25] Starting component OpenTelemetryClient
[36mDEBUG[0m:    [02-09-2024 16:31:25] Starting component SqliteDB
[36mDEBUG[0m:    [02-09-2024 16:31:25] Starting component QuotaEnforcer
[36mDEBUG[0m:    [02-09-2024 16:31:25] Starting component Posthog
[36mDEBUG[0m:    [02-09-2024 16:31:25] Starting component LocalSegmentManager
[36mDEBUG[0m:    [02-09-2024 16:31:25] Starting component SegmentAPI
[32mINFO[0m:     [02-09-2024 16:31:25] Started server process [[36m69707[0m]
[32mINFO[0m:     [02-09-2024 16:31:25] Waiting for application startup.
[32mINFO[0m:     [02-09-2024 16:31:25] Application startup complete.
[32mINFO[0m:     [02-09-2024 16:31:25] Uvicorn running on [1mhttp://localhost:8000[0m (Press CTRL+C to quit)
[32mINFO[0m:     [02-09-2024 16:31:56] Shutting down
[32mINFO[0m:     [02-09-2024 16:31:56] Waiting for application shutdown.
[36mDEBUG[0m:    [02-09-2024 16:31:56] Stopping component System
[36mDEBUG[0m:    [02-09-2024 16:31:56] Stopping component SegmentAPI
[36mDEBUG[0m:    [02-09-2024 16:31:56] Stopping component LocalSegmentManager
[36mDEBUG[0m:    [02-09-2024 16:31:56] Stopping component Posthog
[36mDEBUG[0m:    [02-09-2024 16:31:56] Stopping component QuotaEnforcer
[36mDEBUG[0m:    [02-09-2024 16:31:56] Stopping component SqliteDB
[36mDEBUG[0m:    [02-09-2024 16:31:56] Stopping component OpenTelemetryClient
[32mINFO[0m:     [02-09-2024 16:31:56] Application shutdown complete.
[32mINFO[0m:     [02-09-2024 16:31:56] Finished server process [[36m69707[0m]
[33mWARNING[0m:  [02-09-2024 16:32:08] chroma_server_nofile is set to 65535, but this is less than current soft limit of 1048575. chroma_server_nofile will not be set.
[32mINFO[0m:     [02-09-2024 16:32:08] Anonymized telemetry enabled. See                     https://docs.trychroma.com/telemetry for more information.
[36mDEBUG[0m:    [02-09-2024 16:32:08] Starting component System
[36mDEBUG[0m:    [02-09-2024 16:32:08] Starting component OpenTelemetryClient
[36mDEBUG[0m:    [02-09-2024 16:32:08] Starting component SqliteDB
[36mDEBUG[0m:    [02-09-2024 16:32:08] Starting component QuotaEnforcer
[36mDEBUG[0m:    [02-09-2024 16:32:08] Starting component Posthog
[36mDEBUG[0m:    [02-09-2024 16:32:08] Starting component LocalSegmentManager
[36mDEBUG[0m:    [02-09-2024 16:32:08] Starting component SegmentAPI
[32mINFO[0m:     [02-09-2024 16:32:08] Started server process [[36m71644[0m]
[32mINFO[0m:     [02-09-2024 16:32:08] Waiting for application startup.
[32mINFO[0m:     [02-09-2024 16:32:08] Application startup complete.
[32mINFO[0m:     [02-09-2024 16:32:08] Uvicorn running on [1mhttp://localhost:8000[0m (Press CTRL+C to quit)
[32mINFO[0m:     [02-09-2024 17:20:36] Shutting down
[32mINFO[0m:     [02-09-2024 17:20:36] Waiting for application shutdown.
[36mDEBUG[0m:    [02-09-2024 17:20:36] Stopping component System
[36mDEBUG[0m:    [02-09-2024 17:20:36] Stopping component SegmentAPI
[36mDEBUG[0m:    [02-09-2024 17:20:36] Stopping component LocalSegmentManager
[36mDEBUG[0m:    [02-09-2024 17:20:36] Stopping component Posthog
[36mDEBUG[0m:    [02-09-2024 17:20:36] Stopping component QuotaEnforcer
[36mDEBUG[0m:    [02-09-2024 17:20:36] Stopping component SqliteDB
[36mDEBUG[0m:    [02-09-2024 17:20:36] Stopping component OpenTelemetryClient
[32mINFO[0m:     [02-09-2024 17:20:36] Application shutdown complete.
[32mINFO[0m:     [02-09-2024 17:20:36] Finished server process [[36m71644[0m]
